<?xml version="1.0" encoding="UTF-8"?>
<!-- Generated by org.testng.reporters.JUnitReportReporter -->
<testsuite hostname="myLearnovo5" failures="0" tests="1" name="bobchos.bar.Test.ErrorsValidateTest" time="37.382" errors="0" timestamp="25 Jun 2024 15:03:02 GMT" skipped="0">
  <testcase classname="bobchos.bar.Test.ErrorsValidateTest" name="invalidEmailInput" time="37.382"/>
</testsuite> <!-- bobchos.bar.Test.ErrorsValidateTest -->
