<?xml version="1.0" encoding="UTF-8"?>
<!-- Generated by org.testng.reporters.JUnitReportReporter -->
<testsuite hostname="myLearnovo5" failures="0" tests="1" name="bobchos.bar.Test.PlaceOrderTest" time="8.545" errors="0" timestamp="25 Jun 2024 09:56:24 GMT" skipped="0">
  <testcase classname="bobchos.bar.Test.PlaceOrderTest" name="placeOrder" time="8.545"/>
</testsuite> <!-- bobchos.bar.Test.PlaceOrderTest -->
