<?xml version="1.0" encoding="UTF-8"?>
<!-- Generated by org.testng.reporters.JUnitReportReporter -->
<testsuite hostname="myLearnovo5" failures="0" tests="2" name="bobchos.bar.Test.PurchaseOrderTest" time="47.037" errors="0" timestamp="26 Jun 2024 18:23:35 GMT" skipped="0">
  <testcase classname="bobchos.bar.Test.PurchaseOrderTest" name="placeOrder" time="25.085"/>
  <testcase classname="bobchos.bar.Test.PurchaseOrderTest" name="placeOrder" time="21.952"/>
</testsuite> <!-- bobchos.bar.Test.PurchaseOrderTest -->
